    INFO: Opened project : GitHubTest (2016-10-10 11:20:03.781)
    INFO: Project directory : \\rigoberto\d$\k-spice-projects\GitHubTest (2016-10-10 11:20:03.785)
    TRACE: /Engineering : cmdStart  (2016-10-10 11:20:15.072)
    TRACE: /Engineering/ProcessModel : cmdStart  (2016-10-10 11:20:15.076)
    INFO: Partner application "/Engineering/ProcessModel" connected. (2016-10-10 11:20:18.860)
    TRACE: /Engineering/ProcessModel : Ack OK cmdStart  (2016-10-10 11:20:18.863)
    TRACE: /Engineering : cmdSetExecutionMode Engineering (2016-10-10 11:20:18.866)
    TRACE: /Engineering/ProcessModel : cmdSetExecutionMode Engineering (2016-10-10 11:20:18.870)
    TRACE: /Engineering/ProcessModel : Ack OK cmdSetExecutionMode  (2016-10-10 11:20:19.160)
    TRACE: /Engineering : cmdSetTime  (2016-10-10 11:20:19.174)
    TRACE: /Engineering/ProcessModel : cmdSetTime  (2016-10-10 11:20:19.177)
    TRACE: /Engineering/ProcessModel : Ack OK cmdSetTime  (2016-10-10 11:20:19.183)
    TRACE: /Engineering : cmdInitialize  (2016-10-10 11:20:19.186)
    TRACE: /Engineering/ProcessModel : cmdInitialize  (2016-10-10 11:20:19.189)
    TRACE: /Engineering/ProcessModel : Ack OK cmdInitialize  (2016-10-10 11:20:19.270)
    TRACE: /Engineering : cmdSetTime  (2016-10-10 11:20:19.273)
    TRACE: /Engineering/ProcessModel : cmdSetTime  (2016-10-10 11:20:19.277)
    TRACE: /Engineering/ProcessModel : Ack OK cmdSetTime  (2016-10-10 11:20:19.280)
    TRACE: /Engineering : cmdNewModel  (2016-10-10 11:20:27.569)
    TRACE: /Engineering : cmdNewModel  (2016-10-10 11:20:27.573)
    TRACE: /Engineering/ProcessModel : cmdNewModel  (2016-10-10 11:20:27.576)
    TRACE: /Engineering/ProcessModel : Ack OK cmdNewModel  (2016-10-10 11:20:27.606)
    TRACE: /Engineering : cmdSetTime  (2016-10-10 11:20:27.610)
    TRACE: /Engineering/ProcessModel : cmdSetTime  (2016-10-10 11:20:27.613)
    TRACE: /Engineering/ProcessModel : Ack OK cmdSetTime  (2016-10-10 11:20:27.616)
    TRACE: /Engineering : cmdSaveFile GitHubTest (2016-10-10 11:20:44.653)
    INFO: /Engineering : Saving model file "GitHubTest". (2016-10-10 11:20:44.657)
    TRACE: /Engineering : cmdSaveFile GitHubTest (2016-10-10 11:20:44.661)
    TRACE: /Engineering/ProcessModel : cmdSaveFile GitHubTest (2016-10-10 11:20:44.664)
    TRACE: /Engineering : cmdSaveFile GitHubTest (2016-10-10 11:20:44.670)
    TRACE: /Engineering : cmdSaveFile GitHubTest (2016-10-10 11:20:44.673)
    TRACE: /Engineering/ProcessModel : Ack OK cmdSaveFile  (2016-10-10 11:20:44.749)
    INFO: /Engineering : Saving parameter file "GitHubTest". (2016-10-10 11:20:44.758)
    TRACE: /Engineering : cmdSaveFile GitHubTest (2016-10-10 11:20:44.762)
    TRACE: /Engineering/ProcessModel : cmdSaveFile GitHubTest (2016-10-10 11:20:44.765)
    TRACE: /Engineering/ProcessModel : Ack OK cmdSaveFile  (2016-10-10 11:20:44.805)
    INFO: /Engineering : Saving initial condition file "GitHubTest". (2016-10-10 11:20:44.840)
    TRACE: /Engineering : cmdSaveFile GitHubTest (2016-10-10 11:20:44.844)
    TRACE: /Engineering/ProcessModel : cmdSaveFile GitHubTest (2016-10-10 11:20:44.847)
    TRACE: /Engineering/ProcessModel : Ack OK cmdSaveFile  (2016-10-10 11:20:44.865)
    TRACE: /Engineering : eventDeactivate  (2016-10-10 11:21:59.232)
    TRACE: /Engineering : cmdStop  (2016-10-10 11:21:59.236)
    TRACE: /Engineering/ProcessModel : cmdStop  (2016-10-10 11:21:59.240)
    INFO: Partner application "/Explorers/Explorer_7" disconnected. (2016-10-10 11:21:59.244)
    INFO: Partner application "/Engineering/ProcessModel" disconnected. (2016-10-10 11:21:59.557)
    TRACE: /Engineering/ProcessModel : Ack OK cmdStop  (2016-10-10 11:21:59.561)
    INFO: Terminated /Engineering (2016-10-10 11:21:59.566)
