<<<<<<< HEAD
     0000000:00:00  TRACE: Reading file \\rigoberto\d$\k-spice-projects\GitHubTest\Timelines\Engineering\Applications\ProcessModel\GitHubTest.mdl.
     0000000:00:00  INFO: Loading the available thermo packages.
     0000000:00:00  INFO: The thermo package "DirectCallMultiflash" has been loaded.
     0000000:00:00  INFO: The thermo package "ThermoTable" has been loaded.
     0000000:00:00  TRACE: \\rigoberto\d$\k-spice-projects\GitHubTest\Timelines\Engineering\Applications\ProcessModel\GitHubTest.mdl. Time elapsed: 41 ms.
     0000000:00:00  INFO: Using user's trend definition settings.
     0000000:00:00  INFO: Removing empty file : pictures.def.
     0000000:00:00  INFO: Removing empty file : \\rigoberto\d$\k-spice-projects\GitHubTest\Timelines\Engineering\Applications\ProcessModel\GitHubTest.dbl.
     0000000:00:00  INFO: Model polling time set to 1 seconds.
     0000000:00:00  TRACE: Reading file \\rigoberto\d$\k-spice-projects\GitHubTest\Timelines\Engineering\Applications\ProcessModel\GitHubTest.prm.
     0000000:00:00  TRACE: \\rigoberto\d$\k-spice-projects\GitHubTest\Timelines\Engineering\Applications\ProcessModel\GitHubTest.prm. Time elapsed: 20 ms.
     0000000:00:00  TRACE: Reading file \\rigoberto\d$\k-spice-projects\GitHubTest\Timelines\Engineering\Applications\ProcessModel\GitHubTest.val.
     0000000:00:00  INFO: Connecting 1 blocks.
     0000000:00:00  TRACE: \\rigoberto\d$\k-spice-projects\GitHubTest\Timelines\Engineering\Applications\ProcessModel\GitHubTest.val. Time elapsed: 11 ms.
     0000000:00:00  INFO: ******* Shutdown of ModelServer at 2016-10-14 12:29:22 *******
=======
     0000000:00:00  TRACE: Reading file \\GBGUI024\c$\K-Spice-Projects\GitHubTest\Timelines\Engineering\Applications\ProcessModel\GitHubTest.mdl.
     0000000:00:00  INFO: Loading the available thermo packages.
     0000000:00:00  INFO: The thermo package "DirectCallMultiflash" has been loaded.
     0000000:00:00  INFO: The thermo package "ThermoTable" has been loaded.
     0000000:00:00  TRACE: \\GBGUI024\c$\K-Spice-Projects\GitHubTest\Timelines\Engineering\Applications\ProcessModel\GitHubTest.mdl. Time elapsed: 23 ms.
     0000000:00:00  INFO: Using user's trend definition settings.
     0000000:00:00  INFO: Removing empty file : pictures.def.
     0000000:00:00  INFO: Removing empty file : \\GBGUI024\c$\K-Spice-Projects\GitHubTest\Timelines\Engineering\Applications\ProcessModel\GitHubTest.dbl.
     0000000:00:00  INFO: Model polling time set to 1 seconds.
     0000000:00:00  TRACE: Reading file \\GBGUI024\c$\K-Spice-Projects\GitHubTest\Timelines\Engineering\Applications\ProcessModel\GitHubTest.prm.
     0000000:00:00  TRACE: \\GBGUI024\c$\K-Spice-Projects\GitHubTest\Timelines\Engineering\Applications\ProcessModel\GitHubTest.prm. Time elapsed: 6 ms.
     0000000:00:00  TRACE: Reading file \\GBGUI024\c$\K-Spice-Projects\GitHubTest\Timelines\Engineering\Applications\ProcessModel\GitHubTest.val.
     0000000:00:00  INFO: Connecting 1 blocks.
     0000000:00:00  TRACE: \\GBGUI024\c$\K-Spice-Projects\GitHubTest\Timelines\Engineering\Applications\ProcessModel\GitHubTest.val. Time elapsed: 15 ms.
>>>>>>> origin/master
